0 info it worked if it ends with ok
1 verbose cli [ 'node', '/usr/local/bin/npm', 'publish' ]
2 info using npm@2.14.2
3 info using node@v0.12.7
4 verbose publish [ '.' ]
5 silly cache add args [ '.', null ]
6 verbose cache add spec .
7 silly cache add parsed spec { raw: '.',
7 silly cache add   scope: null,
7 silly cache add   name: null,
7 silly cache add   rawSpec: '.',
7 silly cache add   spec: '/home/inno/me/angular-popover',
7 silly cache add   type: 'directory' }
8 verbose addLocalDirectory /home/inno/.npm/ng-popover/1.1.0/package.tgz not in flight; packing
9 verbose tar pack [ '/home/inno/.npm/ng-popover/1.1.0/package.tgz',
9 verbose tar pack   '/home/inno/me/angular-popover' ]
10 verbose tarball /home/inno/.npm/ng-popover/1.1.0/package.tgz
11 verbose folder /home/inno/me/angular-popover
12 info prepublish ng-popover@1.1.0
13 verbose addLocalTarball adding from inside cache /home/inno/.npm/ng-popover/1.1.0/package.tgz
14 silly cache afterAdd ng-popover@1.1.0
15 verbose afterAdd /home/inno/.npm/ng-popover/1.1.0/package/package.json not in flight; writing
16 verbose afterAdd /home/inno/.npm/ng-popover/1.1.0/package/package.json written
17 silly publish { name: 'ng-popover',
17 silly publish   version: '1.1.0',
17 silly publish   description: 'simple multi directional popovers with box shadow',
17 silly publish   main: 'app.js',
17 silly publish   scripts: { test: 'echo "Error: no test specified" && exit 1' },
17 silly publish   repository:
17 silly publish    { type: 'git',
17 silly publish      url: 'git+https://github.com/tarun-dugar/angular-popover.git' },
17 silly publish   keywords: [ 'javascript', 'angularjs' ],
17 silly publish   author: { name: 'Tarun Dugar' },
17 silly publish   license: 'ISC',
17 silly publish   bugs: { url: 'https://github.com/tarun-dugar/angular-popover/issues' },
17 silly publish   homepage: 'https://github.com/tarun-dugar/angular-popover#readme',
17 silly publish   gitHead: '888ab525f66787aba6f40c84a930339b2c71cc43',
17 silly publish   readme: 'ERROR: No README data found!',
17 silly publish   _id: 'ng-popover@1.1.0',
17 silly publish   _shasum: 'fdef6861876717cabd3976c3f552aac71634ac46',
17 silly publish   _from: '.' }
18 verbose getPublishConfig undefined
19 silly mapToRegistry name ng-popover
20 silly mapToRegistry using default registry
21 silly mapToRegistry registry https://registry.npmjs.org/
22 silly mapToRegistry uri https://registry.npmjs.org/ng-popover
23 verbose publish registryBase https://registry.npmjs.org/
24 silly publish uploading /home/inno/.npm/ng-popover/1.1.0/package.tgz
25 verbose request uri https://registry.npmjs.org/ng-popover
26 verbose request sending authorization for write operation
27 info attempt registry request try #1 at 4:56:57 PM
28 verbose request using bearer token for auth
29 verbose request id 458e459c0d46d115
30 http request PUT https://registry.npmjs.org/ng-popover
31 http 403 https://registry.npmjs.org/ng-popover
32 verbose headers { 'content-type': 'application/json',
32 verbose headers   'cache-control': 'max-age=300',
32 verbose headers   'content-length': '95',
32 verbose headers   'accept-ranges': 'bytes',
32 verbose headers   date: 'Sun, 03 Jan 2016 11:27:05 GMT',
32 verbose headers   via: '1.1 varnish',
32 verbose headers   connection: 'keep-alive',
32 verbose headers   'x-served-by': 'cache-sin6920-SIN',
32 verbose headers   'x-cache': 'MISS',
32 verbose headers   'x-cache-hits': '0',
32 verbose headers   'x-timer': 'S1451820422.438076,VS0,VE2618' }
33 verbose request invalidating /home/inno/.npm/registry.npmjs.org/ng-popover on PUT
34 error publish Failed PUT 403
35 verbose stack Error: "You cannot publish over the previously published version 1.1.0." : ng-popover
35 verbose stack     at makeError (/usr/local/lib/node_modules/npm/node_modules/npm-registry-client/lib/request.js:263:12)
35 verbose stack     at CachingRegistryClient.<anonymous> (/usr/local/lib/node_modules/npm/node_modules/npm-registry-client/lib/request.js:251:14)
35 verbose stack     at Request._callback (/usr/local/lib/node_modules/npm/node_modules/npm-registry-client/lib/request.js:171:14)
35 verbose stack     at Request.self.callback (/usr/local/lib/node_modules/npm/node_modules/request/request.js:198:22)
35 verbose stack     at Request.emit (events.js:110:17)
35 verbose stack     at Request.<anonymous> (/usr/local/lib/node_modules/npm/node_modules/request/request.js:1073:14)
35 verbose stack     at Request.emit (events.js:129:20)
35 verbose stack     at IncomingMessage.<anonymous> (/usr/local/lib/node_modules/npm/node_modules/request/request.js:1019:12)
35 verbose stack     at IncomingMessage.emit (events.js:129:20)
35 verbose stack     at _stream_readable.js:908:16
36 verbose statusCode 403
37 verbose pkgid ng-popover
38 verbose cwd /home/inno/me/angular-popover
39 error Linux 3.13.0-49-generic
40 error argv "node" "/usr/local/bin/npm" "publish"
41 error node v0.12.7
42 error npm  v2.14.2
43 error code E403
44 error "You cannot publish over the previously published version 1.1.0." : ng-popover
45 error If you need help, you may report this error at:
45 error     <https://github.com/npm/npm/issues>
46 verbose exit [ 1, true ]
